#
# A fatal error has been detected by the Java Runtime Environment:
#
#  EXCEPTION_ACCESS_VIOLATION (0xc0000005) at pc=0x00007ffc422c6a14, pid=9608, tid=4372
#
# JRE version: OpenJDK Runtime Environment (21.0.2+13) (build 21.0.2+13-58)
# Java VM: OpenJDK 64-Bit Server VM (21.0.2+13-58, mixed mode, sharing, tiered, compressed oops, compressed class ptrs, g1 gc, windows-amd64)
# Problematic frame:
# C  [awt.dll+0xd6a14]
#
# No core dump will be written. Minidumps are not enabled by default on client versions of Windows
#
# If you would like to submit a bug report, please visit:
#   https://bugreport.java.com/bugreport/crash.jsp
# The crash happened outside the Java Virtual Machine in native code.
# See problematic frame for where to report the bug.
#

---------------  S U M M A R Y ------------

Command Line: -javaagent:C:\Users\shubham\AppData\Local\JetBrains\IntelliJ IDEA Community Edition 2024.3\lib\idea_rt.jar=62429:C:\Users\shubham\AppData\Local\JetBrains\IntelliJ IDEA Community Edition 2024.3\bin -Dfile.encoding=UTF-8 -Dsun.stdout.encoding=UTF-8 -Dsun.stderr.encoding=UTF-8 ChatUI

Host: Intel(R) Core(TM) i5-8265U CPU @ 1.60GHz, 8 cores, 3G,  Windows 11 , 64 bit Build 22621 (10.0.22621.4391)
Time: Sun Nov 24 19:36:11 2024 India Standard Time elapsed time: 386.855322 seconds (0d 0h 6m 26s)

---------------  T H R E A D  ---------------

Current thread (0x000001b6df510a40):  JavaThread "AWT-Windows" daemon [_thread_in_native, id=4372, stack(0x0000007952900000,0x0000007952a00000) (1024K)]

Stack: [0x0000007952900000,0x0000007952a00000],  sp=0x00000079529feb30,  free space=1018k
Native frames: (J=compiled Java code, j=interpreted, Vv=VM code, C=native code)
C  [awt.dll+0xd6a14]

Java frames: (J=compiled Java code, j=interpreted, Vv=VM code)
j  sun.awt.windows.WToolkit.eventLoop()V+0 java.desktop@21.0.2
j  sun.awt.windows.WToolkit.run()V+50 java.desktop@21.0.2
j  java.lang.Thread.runWith(Ljava/lang/Object;Ljava/lang/Runnable;)V+5 java.base@21.0.2
j  java.lang.Thread.run()V+19 java.base@21.0.2
v  ~StubRoutines::call_stub 0x000001b6d360100d

siginfo: EXCEPTION_ACCESS_VIOLATION (0xc0000005), reading address 0x0000000000000000


Registers:
RAX=0x0000000000000000, RBX=0x000001b6e525782a, RCX=0x0000000000000000, RDX=0x000001b6e525782a
RSP=0x00000079529feb30, RBP=0x00007ffc4232a7e0, RSI=0x0000000080000022, RDI=0x000001b6df510df8
R8 =0x0000000000000042, R9 =0x00000000c541fc10, R10=0x00007ffc32752430, R11=0x0000000000000026
R12=0x00000000006202ba, R13=0x0000000000000000, R14=0x0000000001e80009, R15=0x0000000000009824
RIP=0x00007ffc422c6a14, EFLAGS=0x0000000000010246


Register to memory mapping:

RAX=0x0 is null
RBX=0x000001b6e525782a is a global jni handle
RCX=0x0 is null
RDX=0x000001b6e525782a is a global jni handle
RSP=0x00000079529feb30 is pointing into the stack for thread: 0x000001b6df510a40
RBP=0x00007ffc4232a7e0 awt.dll
RSI=0x0000000080000022 is an unknown value
RDI=0x000001b6df510df8 points into unknown readable memory: 0x00007ffc326ce600 | 00 e6 6c 32 fc 7f 00 00
R8 =0x0000000000000042 is an unknown value
R9 =0x00000000c541fc10 is an oop: sun.awt.windows.WFramePeer 
{0x00000000c541fc10} - klass: 'sun/awt/windows/WFramePeer'
 - ---- fields (total size 19 words):
 - private volatile 'destroyed' 'Z' @12  true (0x01)
 - private volatile 'disposed' 'Z' @13  false (0x00)
 - volatile 'pData' 'J' @16  0 (0x0000000000000000)
 - volatile 'target' 'Ljava/lang/Object;' @24  a 'javax/swing/JFrame'{0x00000000c57eea38} (0xc57eea38)
 - volatile 'createError' 'Ljava/lang/Error;' @28  null (0x00000000)
 - private final 'stateLock' 'Ljava/lang/Object;' @32  a 'java/lang/Object'{0x00000000c541fca8} (0xc541fca8)
 - private volatile 'childPeers' 'Ljava/util/Map;' @36  null (0x00000000)
 - 'isLayouting' 'Z' @14  false (0x00)
 - 'paintPending' 'Z' @15  false (0x00)
 - protected volatile 'hwnd' 'J' @40  0 (0x0000000000000000)
 - 'nativeDropTargetContext' 'J' @48  1884944432816 (0x000001b6df717eb0)
 - 'oldWidth' 'I' @56  600 (0x00000258)
 - 'oldHeight' 'I' @60  500 (0x000001f4)
 - private 'numBackBuffers' 'I' @64  0 (0x00000000)
 - 'nDropTargets' 'I' @68  2 (0x00000002)
 - public 'serialNum' 'I' @72  1 (0x00000001)
 - private 'updateX1' 'I' @76  0 (0x00000000)
 - private 'updateY1' 'I' @80  0 (0x00000000)
 - private 'updateX2' 'I' @84  0 (0x00000000)
 - private 'updateY2' 'I' @88  0 (0x00000000)
 - private volatile 'isAccelCapable' 'Z' @92  true (0x01)
 - 'surfaceData' 'Lsun/java2d/SurfaceData;' @96  a 'sun/java2d/windows/GDIWindowSurfaceData'{0x00000000c5499610} (0xc5499610)
 - private 'paintArea' 'Lsun/awt/RepaintArea;' @100  a 'sun/awt/RepaintArea'{0x00000000c541fd60} (0xc541fd60)
 - protected 'winGraphicsConfig' 'Lsun/awt/Win32GraphicsConfig;' @104  a 'sun/awt/Win32GraphicsConfig'{0x00000000c57f9a40} (0xc57f9a40)
 - private 'backBuffer' 'Ljava/awt/image/VolatileImage;' @108  null (0x00000000)
 - private 'backBufferCaps' 'Ljava/awt/BufferCapabilities;' @112  null (0x00000000)
 - private 'foreground' 'Ljava/awt/Color;' @116  a 'java/awt/SystemColor'{0x00000000c543eb00} (0xc543eb00)
 - private 'background' 'Ljava/awt/Color;' @120  a 'javax/swing/plaf/ColorUIResource'{0x00000000c5622f18} (0xc5622f18)
 - private 'font' 'Ljava/awt/Font;' @124  a 'java/awt/Font'{0x00000000c58a0d68} (0xc58a0d68)
 - private 'eraseBackground' 'Z' @93  false (0x00)
 - 'insets_' 'Ljava/awt/Insets;' @128  a 'java/awt/Insets'{0x00000000c543e778} (0xc543e778)
 - private 'isOpaque' 'Z' @94  true (0x01)
 - private 'opacity' 'F' @132  1.000000 (0x3f800000)
 - private 'modalBlocker' 'Lsun/awt/windows/WWindowPeer;' @136  null (0x00000000)
 - private 'painter' 'Lsun/awt/windows/TranslucentWindowPainter;' @140  null (0x00000000)
 - private 'windowListener' 'Ljava/awt/event/WindowListener;' @144  null (0x00000000)
 - private volatile 'windowType' 'Ljava/awt/Window$Type;' @148  a 'java/awt/Window$Type'{0x00000000c57ee310} (0xc57ee310)
R10=0x00007ffc32752430 jvm.dll
R11=0x0000000000000026 is an unknown value
R12=0x00000000006202ba is an unknown value
R13=0x0 is null
R14=0x0000000001e80009 is an unknown value
R15=0x0000000000009824 is an unknown value

Top of Stack: (sp=0x00000079529feb30)
0x00000079529feb30:   000001b6e525782a 0000000080000022
0x00000079529feb40:   000001b6df510a40 00007ffc31f537cc
0x00000079529feb50:   000001b6df510df8 00007ffc422db350
0x00000079529feb60:   00007ffc4231a48e 0000000000000001
0x00000079529feb70:   0000000000000001 00007ffc422c4369
0x00000079529feb80:   00000079529fed58 0000000000030000
0x00000079529feb90:   00007ffc422c4270 000001b6df510df8
0x00000079529feba0:   00000079529fed58 00007ffc89e67a68
0x00000079529febb0:   00000079529fed38 00007ffc422c4270
0x00000079529febc0:   0000007950e3f000 0000000000000001
0x00000079529febd0:   0000c5ac22300e3d 00007ffc8ab0c360
0x00000079529febe0:   0000000000000000 0000000000009824
0x00000079529febf0:   0000000000000000 0000000000000000
0x00000079529fec00:   0000000000000001 0000000080000022
0x00000079529fec10:   0000000000000000 00007ffc89e583f1
0x00000079529fec20:   00000079529fed58 00007ffc4232a7e0
0x00000079529fec30:   0000000000000000 0000000080000022
0x00000079529fec40:   0000a8143bd85b16 0000000000000000
0x00000079529fec50:   0000000000000000 00007ffc42318c64
0x00000079529fec60:   00007ffc00000000 0000000000000000
0x00000079529fec70:   0000000100000000 00007ffc80000022
0x00000079529fec80:   00007ffc00000000 0000000000000000
0x00000079529fec90:   0000000000000000 00007ffc87f71d8c
0x00000079529feca0:   00000079529fed88 00007ffc89dd9949
0x00000079529fecb0:   0000000000000000 0000000000000038
0x00000079529fecc0:   00000079529fed58 00007ffc89ed6000
0x00000079529fecd0:   0000000000000000 00007ffc8ab74214
0x00000079529fece0:   0000000000000000 0000000000000000
0x00000079529fecf0:   00007ffc4232a7e0 0000000000000000
0x00000079529fed00:   0000000000000048 0000002f00000001
0x00000079529fed10:   0000000000000000 0000000000000000
0x00000079529fed20:   0000000000000030 ffffffffffffffff 

Instructions: (pc=0x00007ffc422c6a14)
0x00007ffc422c6914:   00 48 8d 0d 84 08 07 00 e8 af d8 ff ff 33 d2 8d
0x00007ffc422c6924:   4a 20 ff 15 4c d2 06 00 8b d0 33 f6 89 74 24 20
0x00007ffc422c6934:   4c 8d 4c 24 50 4c 8d 05 60 08 07 00 8d 4e 20 ff
0x00007ffc422c6944:   15 77 cf 06 00 33 d2 49 8b ce ff 15 3c cf 06 00
0x00007ffc422c6954:   48 8b d8 48 85 c0 0f 85 7c 00 00 00 4c 8d 05 69
0x00007ffc422c6964:   96 03 00 8d 56 09 48 8d 8c 24 88 00 00 00 ff 15
0x00007ffc422c6974:   c8 9b 01 00 44 8d 46 10 48 8d 54 24 70 49 8b ce
0x00007ffc422c6984:   ff 15 d6 99 01 00 48 8d 44 24 70 49 c7 c0 ff ff
0x00007ffc422c6994:   ff ff 49 ff c0 66 42 39 34 40 75 f6 4b 8d 04 00
0x00007ffc422c69a4:   48 8d 8c 24 98 00 00 00 48 2b c8 48 8d 54 24 70
0x00007ffc422c69b4:   e8 bb 61 01 00 33 d2 48 8d 8c 24 88 00 00 00 ff
0x00007ffc422c69c4:   15 bf ce 06 00 48 85 c0 74 0e 33 d2 48 8b c8 ff
0x00007ffc422c69d4:   15 b7 ce 06 00 48 8b d8 48 85 db 40 0f 95 c6 4c
0x00007ffc422c69e4:   8b 07 33 d2 48 8b cf 41 ff 90 a0 00 00 00 90 48
0x00007ffc422c69f4:   8b c6 e9 9d 01 00 00 48 8b 07 4c 8b 05 9b 01 07
0x00007ffc422c6a04:   00 48 8b d3 48 8b cf ff 90 28 03 00 00 48 8b c8
0x00007ffc422c6a14:   4c 8b 08 49 8b c6 48 c1 e8 10 44 0f bf c0 41 0f
0x00007ffc422c6a24:   bf d6 41 ff 91 60 02 00 00 48 8b 07 48 8b d3 48
0x00007ffc422c6a34:   8b cf ff 90 b0 00 00 00 33 f6 48 89 35 a3 06 07
0x00007ffc422c6a44:   00 48 8b 0d 94 06 07 00 ff 15 2e 97 01 00 90 48
0x00007ffc422c6a54:   8b 07 33 d2 48 8b cf ff 90 a0 00 00 00 90 33 c0
0x00007ffc422c6a64:   e9 2f 01 00 00 ba ff ff ff ff 49 8b ce ff 15 19
0x00007ffc422c6a74:   96 01 00 8b d8 4c 8b 07 33 d2 48 8b cf 41 ff 90
0x00007ffc422c6a84:   a0 00 00 00 90 8b c3 e9 08 01 00 00 49 8b ce ff
0x00007ffc422c6a94:   d3 48 8b d8 4c 8b 07 33 d2 48 8b cf 41 ff 90 a0
0x00007ffc422c6aa4:   00 00 00 90 48 8b c3 e9 e8 00 00 00 ff d3 48 8b
0x00007ffc422c6ab4:   d8 4c 8b 07 33 d2 48 8b cf 41 ff 90 a0 00 00 00
0x00007ffc422c6ac4:   90 48 8b c3 e9 cb 00 00 00 41 8b d6 48 8b cb e8
0x00007ffc422c6ad4:   ff 3d 01 00 33 f6 48 89 35 07 06 07 00 48 8b 0d
0x00007ffc422c6ae4:   f8 05 07 00 ff 15 92 96 01 00 90 48 8b 07 33 d2
0x00007ffc422c6af4:   48 8b cf ff 90 a0 00 00 00 90 33 c0 e9 93 00 00
0x00007ffc422c6b04:   00 48 8b cb e8 b8 3d 01 00 8b c0 48 89 05 d2 05 


Stack slot to memory mapping:

stack at sp + 0 slots: 0x000001b6e525782a is a global jni handle
stack at sp + 1 slots: 0x0000000080000022 is an unknown value
stack at sp + 2 slots: 0x000001b6df510a40 is a thread
stack at sp + 3 slots: 0x00007ffc31f537cc jvm.dll
stack at sp + 4 slots: 0x000001b6df510df8 points into unknown readable memory: 0x00007ffc326ce600 | 00 e6 6c 32 fc 7f 00 00
stack at sp + 5 slots: 0x00007ffc422db350 awt.dll
stack at sp + 6 slots: 0x00007ffc4231a48e awt.dll
stack at sp + 7 slots: 0x0000000000000001 is an unknown value


---------------  P R O C E S S  ---------------

Threads class SMR info:
_java_thread_list=0x000001b6df62c940, length=22, elements={
0x000001b6df165ee0, 0x000001b6df166e00, 0x000001b6df16f0b0, 0x000001b6df172500,
0x000001b6df175200, 0x000001b6df171b90, 0x000001b6df174580, 0x000001b6df181690,
0x000001b6df3cf700, 0x000001b6df59b1f0, 0x000001b6df59b860, 0x000001b6df1efc90,
0x000001b6df50fb40, 0x000001b6df510a40, 0x000001b6df51b860, 0x000001b6c1a222c0,
0x000001b6df4a0820, 0x000001b6df634b70, 0x000001b6e52028d0, 0x000001b6e52049a0,
0x000001b6e5203c80, 0x000001b6e5201520
}

Java Threads: ( => current thread )
  0x000001b6df165ee0 JavaThread "Reference Handler"          daemon [_thread_blocked, id=1332, stack(0x0000007951c00000,0x0000007951d00000) (1024K)]
  0x000001b6df166e00 JavaThread "Finalizer"                  daemon [_thread_blocked, id=14608, stack(0x0000007951d00000,0x0000007951e00000) (1024K)]
  0x000001b6df16f0b0 JavaThread "Signal Dispatcher"          daemon [_thread_blocked, id=13324, stack(0x0000007951e00000,0x0000007951f00000) (1024K)]
  0x000001b6df172500 JavaThread "Attach Listener"            daemon [_thread_blocked, id=7404, stack(0x0000007951f00000,0x0000007952000000) (1024K)]
  0x000001b6df175200 JavaThread "Service Thread"             daemon [_thread_blocked, id=12592, stack(0x0000007952000000,0x0000007952100000) (1024K)]
  0x000001b6df171b90 JavaThread "Monitor Deflation Thread"   daemon [_thread_blocked, id=112, stack(0x0000007952100000,0x0000007952200000) (1024K)]
  0x000001b6df174580 JavaThread "C2 CompilerThread0"         daemon [_thread_blocked, id=18036, stack(0x0000007952200000,0x0000007952300000) (1024K)]
  0x000001b6df181690 JavaThread "C1 CompilerThread0"         daemon [_thread_blocked, id=19292, stack(0x0000007952300000,0x0000007952400000) (1024K)]
  0x000001b6df3cf700 JavaThread "Common-Cleaner"             daemon [_thread_blocked, id=19244, stack(0x0000007952400000,0x0000007952500000) (1024K)]
  0x000001b6df59b1f0 JavaThread "Monitor Ctrl-Break"         daemon [_thread_in_native, id=18444, stack(0x0000007952500000,0x0000007952600000) (1024K)]
  0x000001b6df59b860 JavaThread "Notification Thread"        daemon [_thread_blocked, id=6344, stack(0x0000007952600000,0x0000007952700000) (1024K)]
  0x000001b6df1efc90 JavaThread "Java2D Disposer"            daemon [_thread_blocked, id=9584, stack(0x0000007952700000,0x0000007952800000) (1024K)]
  0x000001b6df50fb40 JavaThread "AWT-Shutdown"                      [_thread_blocked, id=7720, stack(0x0000007952800000,0x0000007952900000) (1024K)]
=>0x000001b6df510a40 JavaThread "AWT-Windows"                daemon [_thread_in_native, id=4372, stack(0x0000007952900000,0x0000007952a00000) (1024K)]
  0x000001b6df51b860 JavaThread "AWT-EventQueue-0"                  [_thread_in_native, id=4740, stack(0x0000007952a00000,0x0000007952b00000) (1024K)]
  0x000001b6c1a222c0 JavaThread "DestroyJavaVM"                     [_thread_blocked, id=5912, stack(0x0000007951400000,0x0000007951500000) (1024K)]
  0x000001b6df4a0820 JavaThread "Thread-0"                          [_thread_in_native, id=9140, stack(0x0000007952e00000,0x0000007952f00000) (1024K)]
  0x000001b6df634b70 JavaThread "Thread-2"                          [_thread_in_native, id=15780, stack(0x0000007953000000,0x0000007953100000) (1024K)]
  0x000001b6e52028d0 JavaThread "Thread-3"                          [_thread_in_native, id=18164, stack(0x0000007953100000,0x0000007953200000) (1024K)]
  0x000001b6e52049a0 JavaThread "TimerQueue"                 daemon [_thread_blocked, id=15592, stack(0x0000007952f00000,0x0000007953000000) (1024K)]
  0x000001b6e5203c80 JavaThread "SIGINT handler"             daemon [_thread_blocked, id=11780, stack(0x0000007952b00000,0x0000007952c00000) (1024K)]
  0x000001b6e5201520 JavaThread "ToolkitShutdown"            daemon [_thread_in_native, id=9256, stack(0x0000007952c00000,0x0000007952d00000) (1024K)]
Total: 22

Other Threads:
  0x000001b6df149dc0 VMThread "VM Thread"                           [id=7436, stack(0x0000007951b00000,0x0000007951c00000) (1024K)]
  0x000001b6df13d2b0 WatcherThread "VM Periodic Task Thread"        [id=10712, stack(0x0000007951a00000,0x0000007951b00000) (1024K)]
  0x000001b6c3cafb80 WorkerThread "GC Thread#0"                     [id=15012, stack(0x0000007951500000,0x0000007951600000) (1024K)]
  0x000001b6c3cb87e0 ConcurrentGCThread "G1 Main Marker"            [id=4900, stack(0x0000007951600000,0x0000007951700000) (1024K)]
  0x000001b6c3cb9490 WorkerThread "G1 Conc#0"                       [id=2980, stack(0x0000007951700000,0x0000007951800000) (1024K)]
  0x000001b6c3d261a0 ConcurrentGCThread "G1 Refine#0"               [id=12608, stack(0x0000007951800000,0x0000007951900000) (1024K)]
  0x000001b6c3d26d10 ConcurrentGCThread "G1 Service"                [id=1876, stack(0x0000007951900000,0x0000007951a00000) (1024K)]
Total: 7

Threads with active compile tasks:
Total: 0

VM state: not at safepoint (normal execution)

VM Mutex/Monitor currently owned by a thread: None

Heap address: 0x00000000c1c00000, size: 996 MB, Compressed Oops mode: 32-bit

CDS archive(s) mapped at: [0x000001b680000000-0x000001b680c90000-0x000001b680c90000), size 13172736, SharedBaseAddress: 0x000001b680000000, ArchiveRelocationMode: 1.
Compressed class space mapped at: 0x000001b681000000-0x000001b6c1000000, reserved size: 1073741824
Narrow klass base: 0x000001b680000000, Narrow klass shift: 0, Narrow klass range: 0x100000000

GC Precious Log:
 CardTable entry size: 512
 Card Set container configuration: InlinePtr #cards 5 size 8 Array Of Cards #cards 12 size 40 Howl #buckets 4 coarsen threshold 1843 Howl Bitmap #cards 512 size 80 coarsen threshold 460 Card regions per heap region 1 cards per card region 2048
 CPUs: 8 total, 8 available
 Memory: 3982M
 Large Page Support: Disabled
 NUMA Support: Disabled
 Compressed Oops: Enabled (32-bit)
 Heap Region Size: 1M
 Heap Min Capacity: 8M
 Heap Initial Capacity: 64M
 Heap Max Capacity: 996M
 Pre-touch: Disabled
 Parallel Workers: 8
 Concurrent Workers: 2
 Concurrent Refinement Workers: 8
 Periodic GC: Disabled

Heap:
 garbage-first heap   total 65536K, used 12288K [0x00000000c1c00000, 0x0000000100000000)
  region size 1024K, 11 young (11264K), 0 survivors (0K)
 Metaspace       used 9129K, committed 9280K, reserved 1114112K
  class space    used 1024K, committed 1088K, reserved 1048576K

Heap Regions: E=young(eden), S=young(survivor), O=old, HS=humongous(starts), HC=humongous(continues), CS=collection set, F=free, TAMS=top-at-mark-start, PB=parsable bottom
|   0|0x00000000c1c00000, 0x00000000c1d00000, 0x00000000c1d00000|100%|HS|  |TAMS 0x00000000c1c00000| PB 0x00000000c1c00000| Complete 
|   1|0x00000000c1d00000, 0x00000000c1e00000, 0x00000000c1e00000|100%|HC|  |TAMS 0x00000000c1d00000| PB 0x00000000c1d00000| Complete 
|   2|0x00000000c1e00000, 0x00000000c1e00000, 0x00000000c1f00000|  0%| F|  |TAMS 0x00000000c1e00000| PB 0x00000000c1e00000| Untracked 
|   3|0x00000000c1f00000, 0x00000000c1f00000, 0x00000000c2000000|  0%| F|  |TAMS 0x00000000c1f00000| PB 0x00000000c1f00000| Untracked 
|   4|0x00000000c2000000, 0x00000000c2000000, 0x00000000c2100000|  0%| F|  |TAMS 0x00000000c2000000| PB 0x00000000c2000000| Untracked 
|   5|0x00000000c2100000, 0x00000000c2100000, 0x00000000c2200000|  0%| F|  |TAMS 0x00000000c2100000| PB 0x00000000c2100000| Untracked 
|   6|0x00000000c2200000, 0x00000000c2200000, 0x00000000c2300000|  0%| F|  |TAMS 0x00000000c2200000| PB 0x00000000c2200000| Untracked 
|   7|0x00000000c2300000, 0x00000000c2300000, 0x00000000c2400000|  0%| F|  |TAMS 0x00000000c2300000| PB 0x00000000c2300000| Untracked 
|   8|0x00000000c2400000, 0x00000000c2400000, 0x00000000c2500000|  0%| F|  |TAMS 0x00000000c2400000| PB 0x00000000c2400000| Untracked 
|   9|0x00000000c2500000, 0x00000000c2500000, 0x00000000c2600000|  0%| F|  |TAMS 0x00000000c2500000| PB 0x00000000c2500000| Untracked 
|  10|0x00000000c2600000, 0x00000000c2600000, 0x00000000c2700000|  0%| F|  |TAMS 0x00000000c2600000| PB 0x00000000c2600000| Untracked 
|  11|0x00000000c2700000, 0x00000000c2700000, 0x00000000c2800000|  0%| F|  |TAMS 0x00000000c2700000| PB 0x00000000c2700000| Untracked 
|  12|0x00000000c2800000, 0x00000000c2800000, 0x00000000c2900000|  0%| F|  |TAMS 0x00000000c2800000| PB 0x00000000c2800000| Untracked 
|  13|0x00000000c2900000, 0x00000000c2900000, 0x00000000c2a00000|  0%| F|  |TAMS 0x00000000c2900000| PB 0x00000000c2900000| Untracked 
|  14|0x00000000c2a00000, 0x00000000c2a00000, 0x00000000c2b00000|  0%| F|  |TAMS 0x00000000c2a00000| PB 0x00000000c2a00000| Untracked 
|  15|0x00000000c2b00000, 0x00000000c2b00000, 0x00000000c2c00000|  0%| F|  |TAMS 0x00000000c2b00000| PB 0x00000000c2b00000| Untracked 
|  16|0x00000000c2c00000, 0x00000000c2c00000, 0x00000000c2d00000|  0%| F|  |TAMS 0x00000000c2c00000| PB 0x00000000c2c00000| Untracked 
|  17|0x00000000c2d00000, 0x00000000c2d00000, 0x00000000c2e00000|  0%| F|  |TAMS 0x00000000c2d00000| PB 0x00000000c2d00000| Untracked 
|  18|0x00000000c2e00000, 0x00000000c2e00000, 0x00000000c2f00000|  0%| F|  |TAMS 0x00000000c2e00000| PB 0x00000000c2e00000| Untracked 
|  19|0x00000000c2f00000, 0x00000000c2f00000, 0x00000000c3000000|  0%| F|  |TAMS 0x00000000c2f00000| PB 0x00000000c2f00000| Untracked 
|  20|0x00000000c3000000, 0x00000000c3000000, 0x00000000c3100000|  0%| F|  |TAMS 0x00000000c3000000| PB 0x00000000c3000000| Untracked 
|  21|0x00000000c3100000, 0x00000000c3100000, 0x00000000c3200000|  0%| F|  |TAMS 0x00000000c3100000| PB 0x00000000c3100000| Untracked 
|  22|0x00000000c3200000, 0x00000000c3200000, 0x00000000c3300000|  0%| F|  |TAMS 0x00000000c3200000| PB 0x00000000c3200000| Untracked 
|  23|0x00000000c3300000, 0x00000000c3300000, 0x00000000c3400000|  0%| F|  |TAMS 0x00000000c3300000| PB 0x00000000c3300000| Untracked 
|  24|0x00000000c3400000, 0x00000000c3400000, 0x00000000c3500000|  0%| F|  |TAMS 0x00000000c3400000| PB 0x00000000c3400000| Untracked 
|  25|0x00000000c3500000, 0x00000000c3500000, 0x00000000c3600000|  0%| F|  |TAMS 0x00000000c3500000| PB 0x00000000c3500000| Untracked 
|  26|0x00000000c3600000, 0x00000000c3600000, 0x00000000c3700000|  0%| F|  |TAMS 0x00000000c3600000| PB 0x00000000c3600000| Untracked 
|  27|0x00000000c3700000, 0x00000000c3700000, 0x00000000c3800000|  0%| F|  |TAMS 0x00000000c3700000| PB 0x00000000c3700000| Untracked 
|  28|0x00000000c3800000, 0x00000000c3800000, 0x00000000c3900000|  0%| F|  |TAMS 0x00000000c3800000| PB 0x00000000c3800000| Untracked 
|  29|0x00000000c3900000, 0x00000000c3900000, 0x00000000c3a00000|  0%| F|  |TAMS 0x00000000c3900000| PB 0x00000000c3900000| Untracked 
|  30|0x00000000c3a00000, 0x00000000c3a00000, 0x00000000c3b00000|  0%| F|  |TAMS 0x00000000c3a00000| PB 0x00000000c3a00000| Untracked 
|  31|0x00000000c3b00000, 0x00000000c3b00000, 0x00000000c3c00000|  0%| F|  |TAMS 0x00000000c3b00000| PB 0x00000000c3b00000| Untracked 
|  32|0x00000000c3c00000, 0x00000000c3c00000, 0x00000000c3d00000|  0%| F|  |TAMS 0x00000000c3c00000| PB 0x00000000c3c00000| Untracked 
|  33|0x00000000c3d00000, 0x00000000c3d00000, 0x00000000c3e00000|  0%| F|  |TAMS 0x00000000c3d00000| PB 0x00000000c3d00000| Untracked 
|  34|0x00000000c3e00000, 0x00000000c3e00000, 0x00000000c3f00000|  0%| F|  |TAMS 0x00000000c3e00000| PB 0x00000000c3e00000| Untracked 
|  35|0x00000000c3f00000, 0x00000000c3f00000, 0x00000000c4000000|  0%| F|  |TAMS 0x00000000c3f00000| PB 0x00000000c3f00000| Untracked 
|  36|0x00000000c4000000, 0x00000000c4000000, 0x00000000c4100000|  0%| F|  |TAMS 0x00000000c4000000| PB 0x00000000c4000000| Untracked 
|  37|0x00000000c4100000, 0x00000000c4100000, 0x00000000c4200000|  0%| F|  |TAMS 0x00000000c4100000| PB 0x00000000c4100000| Untracked 
|  38|0x00000000c4200000, 0x00000000c4200000, 0x00000000c4300000|  0%| F|  |TAMS 0x00000000c4200000| PB 0x00000000c4200000| Untracked 
|  39|0x00000000c4300000, 0x00000000c4300000, 0x00000000c4400000|  0%| F|  |TAMS 0x00000000c4300000| PB 0x00000000c4300000| Untracked 
|  40|0x00000000c4400000, 0x00000000c4400000, 0x00000000c4500000|  0%| F|  |TAMS 0x00000000c4400000| PB 0x00000000c4400000| Untracked 
|  41|0x00000000c4500000, 0x00000000c4500000, 0x00000000c4600000|  0%| F|  |TAMS 0x00000000c4500000| PB 0x00000000c4500000| Untracked 
|  42|0x00000000c4600000, 0x00000000c4600000, 0x00000000c4700000|  0%| F|  |TAMS 0x00000000c4600000| PB 0x00000000c4600000| Untracked 
|  43|0x00000000c4700000, 0x00000000c4700000, 0x00000000c4800000|  0%| F|  |TAMS 0x00000000c4700000| PB 0x00000000c4700000| Untracked 
|  44|0x00000000c4800000, 0x00000000c4800000, 0x00000000c4900000|  0%| F|  |TAMS 0x00000000c4800000| PB 0x00000000c4800000| Untracked 
|  45|0x00000000c4900000, 0x00000000c4900000, 0x00000000c4a00000|  0%| F|  |TAMS 0x00000000c4900000| PB 0x00000000c4900000| Untracked 
|  46|0x00000000c4a00000, 0x00000000c4a00000, 0x00000000c4b00000|  0%| F|  |TAMS 0x00000000c4a00000| PB 0x00000000c4a00000| Untracked 
|  47|0x00000000c4b00000, 0x00000000c4b00000, 0x00000000c4c00000|  0%| F|  |TAMS 0x00000000c4b00000| PB 0x00000000c4b00000| Untracked 
|  48|0x00000000c4c00000, 0x00000000c4c00000, 0x00000000c4d00000|  0%| F|  |TAMS 0x00000000c4c00000| PB 0x00000000c4c00000| Untracked 
|  49|0x00000000c4d00000, 0x00000000c4d00000, 0x00000000c4e00000|  0%| F|  |TAMS 0x00000000c4d00000| PB 0x00000000c4d00000| Untracked 
|  50|0x00000000c4e00000, 0x00000000c4e00000, 0x00000000c4f00000|  0%| F|  |TAMS 0x00000000c4e00000| PB 0x00000000c4e00000| Untracked 
|  51|0x00000000c4f00000, 0x00000000c4f00000, 0x00000000c5000000|  0%| F|  |TAMS 0x00000000c4f00000| PB 0x00000000c4f00000| Untracked 
|  52|0x00000000c5000000, 0x00000000c5000000, 0x00000000c5100000|  0%| F|  |TAMS 0x00000000c5000000| PB 0x00000000c5000000| Untracked 
|  53|0x00000000c5100000, 0x00000000c5176440, 0x00000000c5200000| 46%| E|  |TAMS 0x00000000c5100000| PB 0x00000000c5100000| Complete 
|  54|0x00000000c5200000, 0x00000000c5300000, 0x00000000c5300000|100%| E|CS|TAMS 0x00000000c5200000| PB 0x00000000c5200000| Complete 
|  55|0x00000000c5300000, 0x00000000c5400000, 0x00000000c5400000|100%| E|CS|TAMS 0x00000000c5300000| PB 0x00000000c5300000| Complete 
|  56|0x00000000c5400000, 0x00000000c5500000, 0x00000000c5500000|100%| E|CS|TAMS 0x00000000c5400000| PB 0x00000000c5400000| Complete 
|  57|0x00000000c5500000, 0x00000000c5600000, 0x00000000c5600000|100%| E|CS|TAMS 0x00000000c5500000| PB 0x00000000c5500000| Complete 
|  58|0x00000000c5600000, 0x00000000c5700000, 0x00000000c5700000|100%| E|CS|TAMS 0x00000000c5600000| PB 0x00000000c5600000| Complete 
|  59|0x00000000c5700000, 0x00000000c5800000, 0x00000000c5800000|100%| E|CS|TAMS 0x00000000c5700000| PB 0x00000000c5700000| Complete 
|  60|0x00000000c5800000, 0x00000000c5900000, 0x00000000c5900000|100%| E|CS|TAMS 0x00000000c5800000| PB 0x00000000c5800000| Complete 
|  61|0x00000000c5900000, 0x00000000c5a00000, 0x00000000c5a00000|100%| E|CS|TAMS 0x00000000c5900000| PB 0x00000000c5900000| Complete 
|  62|0x00000000c5a00000, 0x00000000c5b00000, 0x00000000c5b00000|100%| E|CS|TAMS 0x00000000c5a00000| PB 0x00000000c5a00000| Complete 
|  63|0x00000000c5b00000, 0x00000000c5c00000, 0x00000000c5c00000|100%| E|CS|TAMS 0x00000000c5b00000| PB 0x00000000c5b00000| Complete 

Card table byte_map: [0x000001b6db600000,0x000001b6db800000] _byte_map_base: 0x000001b6daff2000

Marking Bits: (CMBitMap*) 0x000001b6c3cb0280
 Bits: [0x000001b6db800000, 0x000001b6dc790000)

Polling page: 0x000001b6c1bc0000

Metaspace:

Usage:
  Non-class:      7.92 MB used.
      Class:      1.00 MB used.
       Both:      8.92 MB used.

Virtual space:
  Non-class space:       64.00 MB reserved,       8.00 MB ( 12%) committed,  1 nodes.
      Class space:        1.00 GB reserved,       1.06 MB ( <1%) committed,  1 nodes.
             Both:        1.06 GB reserved,       9.06 MB ( <1%) committed. 

Chunk freelists:
   Non-Class:  8.01 MB
       Class:  14.75 MB
        Both:  22.76 MB

MaxMetaspaceSize: unlimited
CompressedClassSpaceSize: 1.00 GB
Initial GC threshold: 21.00 MB
Current GC threshold: 21.00 MB
CDS: on
 - commit_granule_bytes: 65536.
 - commit_granule_words: 8192.
 - virtual_space_node_default_size: 8388608.
 - enlarge_chunks_in_place: 1.
 - use_allocation_guard: 0.


Internal statistics:

num_allocs_failed_limit: 0.
num_arena_births: 158.
num_arena_deaths: 0.
num_vsnodes_births: 2.
num_vsnodes_deaths: 0.
num_space_committed: 145.
num_space_uncommitted: 0.
num_chunks_returned_to_freelist: 0.
num_chunks_taken_from_freelist: 208.
num_chunk_merges: 0.
num_chunk_splits: 121.
num_chunks_enlarged: 55.
num_inconsistent_stats: 0.

CodeHeap 'non-profiled nmethods': size=120000Kb used=308Kb max_used=308Kb free=119691Kb
 bounds [0x000001b6d3ba0000, 0x000001b6d3e10000, 0x000001b6db0d0000]
CodeHeap 'profiled nmethods': size=120000Kb used=1513Kb max_used=1513Kb free=118486Kb
 bounds [0x000001b6cc0d0000, 0x000001b6cc340000, 0x000001b6d3600000]
CodeHeap 'non-nmethods': size=5760Kb used=1576Kb max_used=1593Kb free=4183Kb
 bounds [0x000001b6d3600000, 0x000001b6d3870000, 0x000001b6d3ba0000]
 total_blobs=1717 nmethods=1078 adapters=544
 compilation: enabled
              stopped_count=0, restarted_count=0
 full_count=0

Compilation events (20 events):
Event: 51.642 Thread 0x000001b6df181690 1069       3       java.util.concurrent.locks.AbstractQueuedSynchronizer$Node::getAndUnsetStatus (14 bytes)
Event: 51.643 Thread 0x000001b6df181690 nmethod 1069 0x000001b6cc246710 code [0x000001b6cc2468e0, 0x000001b6cc246bc8]
Event: 51.643 Thread 0x000001b6df181690 1070       3       java.awt.geom.Rectangle2D$Float::getHeight (6 bytes)
Event: 51.643 Thread 0x000001b6df181690 nmethod 1070 0x000001b6cc246d10 code [0x000001b6cc246ea0, 0x000001b6cc246fb8]
Event: 52.144 Thread 0x000001b6df181690 1071       3       java.awt.EventQueue::postEvent (13 bytes)
Event: 52.146 Thread 0x000001b6df181690 nmethod 1071 0x000001b6cc247090 code [0x000001b6cc247280, 0x000001b6cc2475e8]
Event: 52.146 Thread 0x000001b6df181690 1073       3       java.awt.geom.Rectangle2D$Float::getX (6 bytes)
Event: 52.146 Thread 0x000001b6df181690 nmethod 1073 0x000001b6cc247790 code [0x000001b6cc247920, 0x000001b6cc247a38]
Event: 52.146 Thread 0x000001b6df181690 1072       1       javax.swing.text.DefaultCaret::getDot (5 bytes)
Event: 52.146 Thread 0x000001b6df181690 nmethod 1072 0x000001b6d3beca90 code [0x000001b6d3becc20, 0x000001b6d3becce8]
Event: 52.652 Thread 0x000001b6df181690 1074       1       javax.swing.text.DefaultCaret::getMark (5 bytes)
Event: 52.653 Thread 0x000001b6df181690 nmethod 1074 0x000001b6d3becd90 code [0x000001b6d3becf20, 0x000001b6d3becfe8]
Event: 53.159 Thread 0x000001b6df181690 1075       1       javax.swing.text.JTextComponent::getCaret (5 bytes)
Event: 53.159 Thread 0x000001b6df181690 nmethod 1075 0x000001b6d3bed090 code [0x000001b6d3bed220, 0x000001b6d3bed2f0]
Event: 53.517 Thread 0x000001b6df181690 1076       3       java.security.AccessControlContext::<init> (63 bytes)
Event: 53.517 Thread 0x000001b6df181690 nmethod 1076 0x000001b6cc247b10 code [0x000001b6cc247ce0, 0x000001b6cc248070]
Event: 53.517 Thread 0x000001b6df181690 1077   !   3       java.awt.EventQueue::setCurrentEventAndMostRecentTimeImpl (191 bytes)
Event: 53.519 Thread 0x000001b6df181690 nmethod 1077 0x000001b6cc248190 code [0x000001b6cc248460, 0x000001b6cc249a98]
Event: 53.519 Thread 0x000001b6df181690 1078  s    3       java.awt.KeyboardFocusManager::getCurrentKeyboardFocusManager (32 bytes)
Event: 53.519 Thread 0x000001b6df181690 nmethod 1078 0x000001b6cc249f90 code [0x000001b6cc24a180, 0x000001b6cc24a5a8]

GC Heap History (0 events):
No events

Dll operation events (13 events):
Event: 0.019 Loaded shared library C:\Users\shubham\.jdks\openjdk-21.0.2\bin\java.dll
Event: 0.049 Loaded shared library C:\Users\shubham\.jdks\openjdk-21.0.2\bin\jsvml.dll
Event: 0.079 Loaded shared library C:\Users\shubham\.jdks\openjdk-21.0.2\bin\zip.dll
Event: 0.084 Loaded shared library C:\Users\shubham\.jdks\openjdk-21.0.2\bin\instrument.dll
Event: 0.091 Loaded shared library C:\Users\shubham\.jdks\openjdk-21.0.2\bin\net.dll
Event: 0.093 Loaded shared library C:\Users\shubham\.jdks\openjdk-21.0.2\bin\nio.dll
Event: 0.096 Loaded shared library C:\Users\shubham\.jdks\openjdk-21.0.2\bin\zip.dll
Event: 0.114 Loaded shared library C:\Users\shubham\AppData\Local\JetBrains\IntelliJ IDEA Community Edition 2024.3\bin\breakgen64.dll
Event: 0.132 Loaded shared library C:\Users\shubham\.jdks\openjdk-21.0.2\bin\extnet.dll
Event: 9.256 Loaded shared library C:\Users\shubham\.jdks\openjdk-21.0.2\bin\jimage.dll
Event: 10.171 Loaded shared library C:\Users\shubham\.jdks\openjdk-21.0.2\bin\awt.dll
Event: 14.018 Loaded shared library C:\Users\shubham\.jdks\openjdk-21.0.2\bin\freetype.dll
Event: 14.141 Loaded shared library C:\Users\shubham\.jdks\openjdk-21.0.2\bin\fontmanager.dll

Deoptimization events (20 events):
Event: 14.588 Thread 0x000001b6df51b860 DEOPT PACKING pc=0x000001b6d3bc9854 sp=0x0000007952afdf10
Event: 14.588 Thread 0x000001b6df51b860 DEOPT UNPACKING pc=0x000001b6d36546a2 sp=0x0000007952afdeb0 mode 2
Event: 14.854 Thread 0x000001b6df51b860 DEOPT PACKING pc=0x000001b6cc0fa378 sp=0x0000007952afc270
Event: 14.854 Thread 0x000001b6df51b860 DEOPT UNPACKING pc=0x000001b6d3654e42 sp=0x0000007952afb690 mode 0
Event: 31.648 Thread 0x000001b6df51b860 Uncommon trap: trap_request=0xffffffde fr.pc=0x000001b6d3baf3e0 relative=0x00000000000001c0
Event: 31.648 Thread 0x000001b6df51b860 Uncommon trap: reason=class_check action=maybe_recompile pc=0x000001b6d3baf3e0 method=java.lang.String.equals(Ljava/lang/Object;)Z @ 8 c2
Event: 31.648 Thread 0x000001b6df51b860 DEOPT PACKING pc=0x000001b6d3baf3e0 sp=0x0000007952afe090
Event: 31.648 Thread 0x000001b6df51b860 DEOPT UNPACKING pc=0x000001b6d36546a2 sp=0x0000007952afe028 mode 2
Event: 31.648 Thread 0x000001b6df51b860 Uncommon trap: trap_request=0xffffffde fr.pc=0x000001b6d3baf3e0 relative=0x00000000000001c0
Event: 31.648 Thread 0x000001b6df51b860 Uncommon trap: reason=class_check action=maybe_recompile pc=0x000001b6d3baf3e0 method=java.lang.String.equals(Ljava/lang/Object;)Z @ 8 c2
Event: 31.648 Thread 0x000001b6df51b860 DEOPT PACKING pc=0x000001b6d3baf3e0 sp=0x0000007952afe090
Event: 31.648 Thread 0x000001b6df51b860 DEOPT UNPACKING pc=0x000001b6d36546a2 sp=0x0000007952afe028 mode 2
Event: 32.138 Thread 0x000001b6df51b860 Uncommon trap: trap_request=0xffffffde fr.pc=0x000001b6d3baf3e0 relative=0x00000000000001c0
Event: 32.138 Thread 0x000001b6df51b860 Uncommon trap: reason=class_check action=maybe_recompile pc=0x000001b6d3baf3e0 method=java.lang.String.equals(Ljava/lang/Object;)Z @ 8 c2
Event: 32.138 Thread 0x000001b6df51b860 DEOPT PACKING pc=0x000001b6d3baf3e0 sp=0x0000007952afe090
Event: 32.138 Thread 0x000001b6df51b860 DEOPT UNPACKING pc=0x000001b6d36546a2 sp=0x0000007952afe028 mode 2
Event: 32.138 Thread 0x000001b6df51b860 Uncommon trap: trap_request=0xffffffde fr.pc=0x000001b6d3baf3e0 relative=0x00000000000001c0
Event: 32.138 Thread 0x000001b6df51b860 Uncommon trap: reason=class_check action=maybe_recompile pc=0x000001b6d3baf3e0 method=java.lang.String.equals(Ljava/lang/Object;)Z @ 8 c2
Event: 32.138 Thread 0x000001b6df51b860 DEOPT PACKING pc=0x000001b6d3baf3e0 sp=0x0000007952afe090
Event: 32.138 Thread 0x000001b6df51b860 DEOPT UNPACKING pc=0x000001b6d36546a2 sp=0x0000007952afe028 mode 2

Classes loaded (20 events):
Event: 31.646 Loading class javax/swing/KeyboardManager
Event: 31.646 Loading class javax/swing/KeyboardManager done
Event: 31.646 Loading class javax/swing/Popup$HeavyWeightWindow
Event: 31.647 Loading class sun/awt/ModalExclude
Event: 31.647 Loading class sun/awt/ModalExclude done
Event: 31.647 Loading class javax/swing/JWindow
Event: 31.647 Loading class javax/swing/JWindow done
Event: 31.647 Loading class javax/swing/Popup$HeavyWeightWindow done
Event: 31.648 Loading class javax/swing/JComponent$ActionStandin
Event: 31.648 Loading class javax/swing/JComponent$ActionStandin done
Event: 32.875 Loading class javax/swing/text/GapContent$RemoveUndo
Event: 32.875 Loading class javax/swing/text/GapContent$RemoveUndo done
Event: 32.875 Loading class javax/swing/text/GapContent$UndoPosRef
Event: 32.875 Loading class javax/swing/text/GapContent$UndoPosRef done
Event: 386.648 Loading class sun/awt/windows/WInputMethod$1
Event: 386.688 Loading class jdk/internal/misc/Signal$1
Event: 386.707 Loading class sun/awt/windows/WInputMethod$1 done
Event: 386.707 Loading class jdk/internal/misc/Signal$1 done
Event: 386.708 Loading class java/awt/font/TextHitInfo
Event: 386.709 Loading class java/awt/font/TextHitInfo done

Classes unloaded (0 events):
No events

Classes redefined (0 events):
No events

Internal exceptions (14 events):
Event: 0.097 Thread 0x000001b6c1a222c0 Exception <a 'java/lang/NoSuchMethodError'{0x00000000c59388b8}: 'void java.lang.invoke.DirectMethodHandle$Holder.invokeStatic(java.lang.Object, java.lang.Object, java.lang.Object)'> (0x00000000c59388b8) 
thrown [s\open\src\hotspot\share\interpreter\linkResolver.cpp, line 773]
Event: 0.101 Thread 0x000001b6c1a222c0 Exception <a 'java/lang/NoSuchMethodError'{0x00000000c594fdc0}: 'java.lang.Object java.lang.invoke.Invokers$Holder.invokeExact_MT(java.lang.Object, java.lang.Object, java.lang.Object, java.lang.Object, java.lang.Object)'> (0x00000000c594fdc0) 
thrown [s\open\src\hotspot\share\interpreter\linkResolver.cpp, line 773]
Event: 0.134 Thread 0x000001b6df59b1f0 Exception <a 'java/lang/NoSuchMethodError'{0x00000000c597efb0}: 'void java.lang.invoke.DirectMethodHandle$Holder.invokeStatic(java.lang.Object, java.lang.Object)'> (0x00000000c597efb0) 
thrown [s\open\src\hotspot\share\interpreter\linkResolver.cpp, line 773]
Event: 5.060 Thread 0x000001b6c1a222c0 Exception <a 'java/lang/ClassNotFoundException'{0x00000000c5968d08}: sun/awt/resources/spi/awtProvider> (0x00000000c5968d08) 
thrown [s\open\src\hotspot\share\classfile\systemDictionary.cpp, line 312]
Event: 10.193 Thread 0x000001b6c1a222c0 Exception <a 'java/io/FileNotFoundException'{0x00000000c5833688}> (0x00000000c5833688) 
thrown [s\open\src\hotspot\share\prims\jni.cpp, line 520]
Event: 10.201 Thread 0x000001b6c1a222c0 Exception <a 'java/io/FileNotFoundException'{0x00000000c585d508}> (0x00000000c585d508) 
thrown [s\open\src\hotspot\share\prims\jni.cpp, line 520]
Event: 13.486 Thread 0x000001b6df51b860 Exception <a 'java/lang/NoSuchMethodError'{0x00000000c5619bf8}: 'void java.lang.invoke.DirectMethodHandle$Holder.invokeSpecial(java.lang.Object, java.lang.Object, java.lang.Object)'> (0x00000000c5619bf8) 
thrown [s\open\src\hotspot\share\interpreter\linkResolver.cpp, line 773]
Event: 13.505 Thread 0x000001b6df51b860 Exception <a 'java/lang/NoSuchMethodError'{0x00000000c563f108}: 'java.lang.Object java.lang.invoke.DirectMethodHandle$Holder.newInvokeSpecial(java.lang.Object, java.lang.Object, java.lang.Object, java.lang.Object, java.lang.Object)'> (0x00000000c563f108) 
thrown [s\open\src\hotspot\share\interpreter\linkResolver.cpp, line 773]
Event: 13.511 Thread 0x000001b6df51b860 Exception <a 'java/lang/NoSuchMethodError'{0x00000000c566aa90}: 'java.lang.Object java.lang.invoke.DirectMethodHandle$Holder.invokeStatic(java.lang.Object, int, java.lang.Object)'> (0x00000000c566aa90) 
thrown [s\open\src\hotspot\share\interpreter\linkResolver.cpp, line 773]
Event: 13.535 Thread 0x000001b6df51b860 Exception <a 'java/lang/ClassNotFoundException'{0x00000000c5580560}: com/sun/swing/internal/plaf/metal/resources/spi/metalProvider> (0x00000000c5580560) 
thrown [s\open\src\hotspot\share\classfile\systemDictionary.cpp, line 312]
Event: 13.538 Thread 0x000001b6df51b860 Exception <a 'java/lang/ClassNotFoundException'{0x00000000c5584470}: com/sun/swing/internal/plaf/basic/resources/spi/basicProvider> (0x00000000c5584470) 
thrown [s\open\src\hotspot\share\classfile\systemDictionary.cpp, line 312]
Event: 13.758 Thread 0x000001b6df51b860 Exception <a 'java/lang/NoSuchMethodError'{0x00000000c55a0598}: 'int java.lang.invoke.Invokers$Holder.invokeExact_MT(java.lang.Object, java.lang.Object)'> (0x00000000c55a0598) 
thrown [s\open\src\hotspot\share\interpreter\linkResolver.cpp, line 773]
Event: 14.820 Thread 0x000001b6df510a40 Exception <a 'java/lang/NoSuchMethodError'{0x00000000c570e6a8}: 'void java.lang.invoke.DirectMethodHandle$Holder.invokeVirtual(java.lang.Object, java.lang.Object)'> (0x00000000c570e6a8) 
thrown [s\open\src\hotspot\share\interpreter\linkResolver.cpp, line 773]
Event: 14.847 Thread 0x000001b6df51b860 Exception <a 'java/lang/NoSuchMethodError'{0x00000000c543fb88}: 'void java.lang.invoke.DirectMethodHandle$Holder.invokeStaticInit(java.lang.Object)'> (0x00000000c543fb88) 
thrown [s\open\src\hotspot\share\interpreter\linkResolver.cpp, line 773]

ZGC Phase Switch (0 events):
No events

VM Operations (20 events):
Event: 32.945 Executing VM operation: Cleanup
Event: 32.945 Executing VM operation: Cleanup done
Event: 34.967 Executing VM operation: Cleanup
Event: 34.967 Executing VM operation: Cleanup done
Event: 35.973 Executing VM operation: Cleanup
Event: 35.973 Executing VM operation: Cleanup done
Event: 38.985 Executing VM operation: Cleanup
Event: 38.985 Executing VM operation: Cleanup done
Event: 39.991 Executing VM operation: Cleanup
Event: 39.991 Executing VM operation: Cleanup done
Event: 47.050 Executing VM operation: Cleanup
Event: 47.050 Executing VM operation: Cleanup done
Event: 49.064 Executing VM operation: Cleanup
Event: 49.064 Executing VM operation: Cleanup done
Event: 50.073 Executing VM operation: Cleanup
Event: 50.073 Executing VM operation: Cleanup done
Event: 60.071 Executing VM operation: HandshakeAllThreads (HandshakeForDeflation)
Event: 60.071 Executing VM operation: HandshakeAllThreads (HandshakeForDeflation) done
Event: 60.071 Executing VM operation: RendezvousGCThreads
Event: 60.071 Executing VM operation: RendezvousGCThreads done

Events (20 events):
Event: 0.047 Thread 0x000001b6df181690 Thread added: 0x000001b6df181690
Event: 0.063 Thread 0x000001b6df3cf700 Thread added: 0x000001b6df3cf700
Event: 0.115 Thread 0x000001b6df59b1f0 Thread added: 0x000001b6df59b1f0
Event: 0.115 Thread 0x000001b6df59b860 Thread added: 0x000001b6df59b860
Event: 11.430 Thread 0x000001b6df1efc90 Thread added: 0x000001b6df1efc90
Event: 11.433 Thread 0x000001b6df50fb40 Thread added: 0x000001b6df50fb40
Event: 11.434 Thread 0x000001b6df510a40 Thread added: 0x000001b6df510a40
Event: 12.100 Thread 0x000001b6df51b860 Thread added: 0x000001b6df51b860
Event: 12.100 Thread 0x000001b6c1a222c0 Thread exited: 0x000001b6c1a222c0
Event: 12.100 Thread 0x000001b6c1a222c0 Thread added: 0x000001b6c1a222c0
Event: 20.788 Thread 0x000001b6df4a0820 Thread added: 0x000001b6df4a0820
Event: 21.023 Thread 0x000001b6df705f90 Thread added: 0x000001b6df705f90
Event: 21.924 Thread 0x000001b6df634b70 Thread added: 0x000001b6df634b70
Event: 21.924 Thread 0x000001b6e52028d0 Thread added: 0x000001b6e52028d0
Event: 21.925 Thread 0x000001b6df705f90 Thread exited: 0x000001b6df705f90
Event: 21.988 Thread 0x000001b6e52049a0 Thread added: 0x000001b6e52049a0
Event: 386.709 Thread 0x000001b6e5203c80 Thread added: 0x000001b6e5203c80
Event: 386.731 Thread 0x000001b6e5201520 Thread added: 0x000001b6e5201520
Event: 386.731 Thread 0x000001b6e5202240 Thread added: 0x000001b6e5202240
Event: 386.731 Thread 0x000001b6e5202240 Thread exited: 0x000001b6e5202240


Dynamic libraries:
0x00007ff6332b0000 - 0x00007ff6332be000 	C:\Users\shubham\.jdks\openjdk-21.0.2\bin\java.exe
0x00007ffc8aad0000 - 0x00007ffc8ace7000 	C:\WINDOWS\SYSTEM32\ntdll.dll
0x00007ffc898e0000 - 0x00007ffc899a4000 	C:\WINDOWS\System32\KERNEL32.DLL
0x00007ffc87f60000 - 0x00007ffc88319000 	C:\WINDOWS\System32\KERNELBASE.dll
0x00007ffc886d0000 - 0x00007ffc887e1000 	C:\WINDOWS\System32\ucrtbase.dll
0x00007ffc83870000 - 0x00007ffc83888000 	C:\Users\shubham\.jdks\openjdk-21.0.2\bin\jli.dll
0x00007ffc800c0000 - 0x00007ffc800db000 	C:\Users\shubham\.jdks\openjdk-21.0.2\bin\VCRUNTIME140.dll
0x00007ffc89e40000 - 0x00007ffc89fee000 	C:\WINDOWS\System32\USER32.dll
0x00007ffc88320000 - 0x00007ffc88346000 	C:\WINDOWS\System32\win32u.dll
0x00007ffc89e10000 - 0x00007ffc89e39000 	C:\WINDOWS\System32\GDI32.dll
0x00007ffc6ee80000 - 0x00007ffc6f112000 	C:\WINDOWS\WinSxS\amd64_microsoft.windows.common-controls_6595b64144ccf1df_6.0.22621.4391_none_2715d37f73803e96\COMCTL32.dll
0x00007ffc885b0000 - 0x00007ffc886cb000 	C:\WINDOWS\System32\gdi32full.dll
0x00007ffc892c0000 - 0x00007ffc89367000 	C:\WINDOWS\System32\msvcrt.dll
0x00007ffc87ec0000 - 0x00007ffc87f5a000 	C:\WINDOWS\System32\msvcp_win.dll
0x00007ffc89dd0000 - 0x00007ffc89e01000 	C:\WINDOWS\System32\IMM32.DLL
0x00007ffc823b0000 - 0x00007ffc823bc000 	C:\Users\shubham\.jdks\openjdk-21.0.2\bin\vcruntime140_1.dll
0x00007ffc7df40000 - 0x00007ffc7dfce000 	C:\Users\shubham\.jdks\openjdk-21.0.2\bin\msvcp140.dll
0x00007ffc31b10000 - 0x00007ffc32827000 	C:\Users\shubham\.jdks\openjdk-21.0.2\bin\server\jvm.dll
0x00007ffc899b0000 - 0x00007ffc89a62000 	C:\WINDOWS\System32\ADVAPI32.dll
0x00007ffc887f0000 - 0x00007ffc88897000 	C:\WINDOWS\System32\sechost.dll
0x00007ffc87dd0000 - 0x00007ffc87df8000 	C:\WINDOWS\System32\bcrypt.dll
0x00007ffc88e20000 - 0x00007ffc88f34000 	C:\WINDOWS\System32\RPCRT4.dll
0x00007ffc89370000 - 0x00007ffc893e1000 	C:\WINDOWS\System32\WS2_32.dll
0x00007ffc87ca0000 - 0x00007ffc87ced000 	C:\WINDOWS\SYSTEM32\POWRPROF.dll
0x00007ffc820d0000 - 0x00007ffc82104000 	C:\WINDOWS\SYSTEM32\WINMM.dll
0x00007ffc7f190000 - 0x00007ffc7f19a000 	C:\WINDOWS\SYSTEM32\VERSION.dll
0x00007ffc87c80000 - 0x00007ffc87c93000 	C:\WINDOWS\SYSTEM32\UMPDC.dll
0x00007ffc86e10000 - 0x00007ffc86e28000 	C:\WINDOWS\SYSTEM32\kernel.appcore.dll
0x00007ffc7fb50000 - 0x00007ffc7fb5a000 	C:\Users\shubham\.jdks\openjdk-21.0.2\bin\jimage.dll
0x00007ffc856e0000 - 0x00007ffc85912000 	C:\WINDOWS\SYSTEM32\DBGHELP.DLL
0x00007ffc888a0000 - 0x00007ffc88c2f000 	C:\WINDOWS\System32\combase.dll
0x00007ffc88f40000 - 0x00007ffc89017000 	C:\WINDOWS\System32\OLEAUT32.dll
0x00007ffc66850000 - 0x00007ffc66882000 	C:\WINDOWS\SYSTEM32\dbgcore.DLL
0x00007ffc883c0000 - 0x00007ffc8843b000 	C:\WINDOWS\System32\bcryptPrimitives.dll
0x00007ffc7fb40000 - 0x00007ffc7fb4f000 	C:\Users\shubham\.jdks\openjdk-21.0.2\bin\instrument.dll
0x00007ffc7f790000 - 0x00007ffc7f7af000 	C:\Users\shubham\.jdks\openjdk-21.0.2\bin\java.dll
0x00007ffc8a050000 - 0x00007ffc8a8c6000 	C:\WINDOWS\System32\SHELL32.dll
0x00007ffc85d10000 - 0x00007ffc86613000 	C:\WINDOWS\SYSTEM32\windows.storage.dll
0x00007ffc85bd0000 - 0x00007ffc85d0f000 	C:\WINDOWS\SYSTEM32\wintypes.dll
0x00007ffc89b20000 - 0x00007ffc89c19000 	C:\WINDOWS\System32\SHCORE.dll
0x00007ffc89a70000 - 0x00007ffc89ace000 	C:\WINDOWS\System32\shlwapi.dll
0x00007ffc87d00000 - 0x00007ffc87d2b000 	C:\WINDOWS\SYSTEM32\profapi.dll
0x00007ffc68420000 - 0x00007ffc684f7000 	C:\Users\shubham\.jdks\openjdk-21.0.2\bin\jsvml.dll
0x00007ffc7f590000 - 0x00007ffc7f5a8000 	C:\Users\shubham\.jdks\openjdk-21.0.2\bin\zip.dll
0x00007ffc7fb30000 - 0x00007ffc7fb40000 	C:\Users\shubham\.jdks\openjdk-21.0.2\bin\net.dll
0x00007ffc82710000 - 0x00007ffc82846000 	C:\WINDOWS\SYSTEM32\WINHTTP.dll
0x00007ffc87290000 - 0x00007ffc872f9000 	C:\WINDOWS\system32\mswsock.dll
0x00007ffc7f2b0000 - 0x00007ffc7f2c6000 	C:\Users\shubham\.jdks\openjdk-21.0.2\bin\nio.dll
0x00007ffc7dee0000 - 0x00007ffc7defa000 	C:\Users\shubham\AppData\Local\JetBrains\IntelliJ IDEA Community Edition 2024.3\bin\breakgen64.dll
0x00007ffc7f2a0000 - 0x00007ffc7f2a9000 	C:\Users\shubham\.jdks\openjdk-21.0.2\bin\extnet.dll
0x00007ffc421f0000 - 0x00007ffc4237e000 	C:\Users\shubham\.jdks\openjdk-21.0.2\bin\awt.dll
0x00007ffc82130000 - 0x00007ffc821c7000 	C:\WINDOWS\SYSTEM32\apphelp.dll
0x00007ffc84f10000 - 0x00007ffc84fc1000 	C:\WINDOWS\system32\uxtheme.dll
0x00007ffc88cc0000 - 0x00007ffc88e20000 	C:\WINDOWS\System32\MSCTF.dll
0x00007ffc89c20000 - 0x00007ffc89dc5000 	C:\WINDOWS\System32\ole32.dll
0x00007ffc85180000 - 0x00007ffc851ab000 	C:\WINDOWS\system32\DWMAPI.DLL
0x00007ffc4e9d0000 - 0x00007ffc4ead0000 	C:\WINDOWS\system32\opengl32.dll
0x00007ffc6d1c0000 - 0x00007ffc6d1ed000 	C:\WINDOWS\SYSTEM32\GLU32.dll
0x00007ffc85020000 - 0x00007ffc85057000 	C:\WINDOWS\SYSTEM32\dxcore.dll
0x00007ffc42970000 - 0x00007ffc429f7000 	C:\Users\shubham\.jdks\openjdk-21.0.2\bin\freetype.dll
0x00007ffc350c0000 - 0x00007ffc351a2000 	C:\Users\shubham\.jdks\openjdk-21.0.2\bin\fontmanager.dll
0x00007ffc8a8e0000 - 0x00007ffc8a990000 	C:\WINDOWS\System32\clbcatq.dll
0x00007ffc84d10000 - 0x00007ffc84ec0000 	C:\WINDOWS\SYSTEM32\WindowsCodecs.dll
0x00007ffc55220000 - 0x00007ffc5527e000 	C:\WINDOWS\system32\dataexchange.dll
0x00007ffc79280000 - 0x00007ffc79524000 	C:\WINDOWS\system32\twinapi.appcore.dll
0x00007ffc7c080000 - 0x00007ffc7c1c5000 	C:\WINDOWS\SYSTEM32\textinputframework.dll
0x00007ffc868f0000 - 0x00007ffc869f2000 	C:\WINDOWS\SYSTEM32\DNSAPI.dll
0x00007ffc86880000 - 0x00007ffc868ad000 	C:\WINDOWS\SYSTEM32\IPHLPAPI.DLL
0x00007ffc898a0000 - 0x00007ffc898a9000 	C:\WINDOWS\System32\NSI.dll
0x00007ffc823f0000 - 0x00007ffc823fa000 	C:\Windows\System32\rasadhlp.dll
0x00007ffc7fc30000 - 0x00007ffc7fcb3000 	C:\WINDOWS\System32\fwpuclnt.dll
0x00007ffc81c00000 - 0x00007ffc81d33000 	C:\WINDOWS\SYSTEM32\CoreMessaging.dll
0x00007ffc7e070000 - 0x00007ffc7e3dd000 	C:\WINDOWS\SYSTEM32\CoreUIComponents.dll
0x00007ffc87500000 - 0x00007ffc8750c000 	C:\WINDOWS\SYSTEM32\CRYPTBASE.DLL

dbghelp: loaded successfully - version: 4.0.5 - missing functions: none
symbol engine: initialized successfully - sym options: 0x614 - pdb path: .;C:\Users\shubham\.jdks\openjdk-21.0.2\bin;C:\WINDOWS\SYSTEM32;C:\WINDOWS\WinSxS\amd64_microsoft.windows.common-controls_6595b64144ccf1df_6.0.22621.4391_none_2715d37f73803e96;C:\Users\shubham\.jdks\openjdk-21.0.2\bin\server;C:\Users\shubham\AppData\Local\JetBrains\IntelliJ IDEA Community Edition 2024.3\bin

VM Arguments:
jvm_args: -javaagent:C:\Users\shubham\AppData\Local\JetBrains\IntelliJ IDEA Community Edition 2024.3\lib\idea_rt.jar=62429:C:\Users\shubham\AppData\Local\JetBrains\IntelliJ IDEA Community Edition 2024.3\bin -Dfile.encoding=UTF-8 -Dsun.stdout.encoding=UTF-8 -Dsun.stderr.encoding=UTF-8 
java_command: ChatUI
java_class_path (initial): C:\Users\shubham\Desktop\java\ChatApplication\out\production\ChatApplication
Launcher Type: SUN_STANDARD

[Global flags]
     intx CICompilerCount                          = 4                                         {product} {ergonomic}
     uint ConcGCThreads                            = 2                                         {product} {ergonomic}
     uint G1ConcRefinementThreads                  = 8                                         {product} {ergonomic}
   size_t G1HeapRegionSize                         = 1048576                                   {product} {ergonomic}
    uintx GCDrainStackTargetSize                   = 64                                        {product} {ergonomic}
   size_t InitialHeapSize                          = 67108864                                  {product} {ergonomic}
   size_t MarkStackSize                            = 4194304                                   {product} {ergonomic}
   size_t MaxHeapSize                              = 1044381696                                {product} {ergonomic}
   size_t MaxNewSize                               = 625999872                                 {product} {ergonomic}
   size_t MinHeapDeltaBytes                        = 1048576                                   {product} {ergonomic}
   size_t MinHeapSize                              = 8388608                                   {product} {ergonomic}
    uintx NonNMethodCodeHeapSize                   = 5839372                                {pd product} {ergonomic}
    uintx NonProfiledCodeHeapSize                  = 122909434                              {pd product} {ergonomic}
    uintx ProfiledCodeHeapSize                     = 122909434                              {pd product} {ergonomic}
    uintx ReservedCodeCacheSize                    = 251658240                              {pd product} {ergonomic}
     bool SegmentedCodeCache                       = true                                      {product} {ergonomic}
   size_t SoftMaxHeapSize                          = 1044381696                             {manageable} {ergonomic}
     bool UseCompressedOops                        = true                           {product lp64_product} {ergonomic}
     bool UseG1GC                                  = true                                      {product} {ergonomic}
     bool UseLargePagesIndividualAllocation        = false                                  {pd product} {ergonomic}

Logging:
Log output configuration:
 #0: stdout all=warning uptime,level,tags foldmultilines=false
 #1: stderr all=off uptime,level,tags foldmultilines=false

Environment Variables:
PATH=C:\Users\shubham\AppData\Local\Programs\Python\Python310\Scripts\;C:\Users\shubham\AppData\Local\Programs\Python\Python310\;C:\oraclexe\app\oracle\product\11.2.0\server\bin;C:\python 3.10\Scripts\;C:\python 3.10\;C:\WINDOWS\system32;C:\WINDOWS;C:\WINDOWS\System32\Wbem;C:\WINDOWS\System32\WindowsPowerShell\v1.0\;C:\WINDOWS\System32\OpenSSH\;C:\Program Files (x86)\Microsoft SQL Server\100\Tools\Binn\;C:\Program Files\Microsoft SQL Server\100\Tools\Binn\;C:\Program Files\Microsoft SQL Server\100\DTS\Binn\;C:\Program Files\Microsoft SQL Server\Client SDK\ODBC\170\Tools\Binn\;C:\Program Files (x86)\Microsoft SQL Server\150\Tools\Binn\;C:\Program Files\Microsoft SQL Server\150\Tools\Binn\;C:\Program Files\Microsoft SQL Server\150\DTS\Binn\;C:\Program Files (x86)\Microsoft SQL Server\150\DTS\Binn\;C:\Program Files\Azure Data Studio\bin;C:\Program Files\Microsoft SQL Server\130\Tools\Binn\;C:\Program Files\dotnet\;C:\Program Files (x86)\dotnet\;C:\WINDOWS\system32;C:\WINDOWS;C:\WINDOWS\System32\Wbem;C:\WINDOWS\System32\WindowsPowerShell\v1.0\;C:\WINDOWS\System32\OpenSSH\;C:\Program Files\Java\jdk1.8.0_271\bin;C:\Program Files\Java\jdk-21\bin;C:\Users\shubham;C:\Users\shubham\AppData\Local\Microsoft\WindowsApps;C:\Program Files\Azure Data Studio\bin;C:\Users\shubham\AppData\Local\JetBrains\IntelliJ IDEA Community Edition 2022.1\bin;;C:\Users\shubham\AppData\Local\Programs\Microsoft VS Code\bin
USERNAME=shubham
OS=Windows_NT
PROCESSOR_IDENTIFIER=Intel64 Family 6 Model 142 Stepping 12, GenuineIntel
TMP=C:\Users\shubham\AppData\Local\Temp
TEMP=C:\Users\shubham\AppData\Local\Temp




Periodic native trim disabled

---------------  S Y S T E M  ---------------

OS:
 Windows 11 , 64 bit Build 22621 (10.0.22621.4391)
OS uptime: 0 days 18:35 hours

CPU: total 8 (initial active 8) (4 cores per cpu, 2 threads per core) family 6 model 142 stepping 12 microcode 0xde, cx8, cmov, fxsr, ht, mmx, 3dnowpref, sse, sse2, sse3, ssse3, sse4.1, sse4.2, popcnt, lzcnt, tsc, tscinvbit, avx, avx2, aes, erms, clmul, bmi1, bmi2, adx, fma, vzeroupper, clflush, clflushopt, rdtscp, f16c
Processor Information for all 8 processors :
  Max Mhz: 1800, Current Mhz: 1600, Mhz Limit: 1584

Memory: 4k page, system-wide physical 3982M (556M free)
TotalPageFile size 16270M (AvailPageFile size 6390M)
current process WorkingSet (physical memory assigned to process): 26M, peak: 68M
current process commit charge ("private bytes"): 160M, peak: 161M

vm_info: OpenJDK 64-Bit Server VM (21.0.2+13-58) for windows-amd64 JRE (21.0.2+13-58), built on 2024-01-05T18:32:24Z by "mach5one" with MS VC++ 17.1 (VS2022)

END.
